android/build/outputs/mapping/release/seeds.txt
com.insearchoftheperfectcuisine.game.AndroidLauncher
com.insearchoftheperfectcuisine.game.AndroidLauncher: AndroidLauncher()
...
com.badlogic.gdx.utils.JsonValue$ValueType: com.badlogic.gdx.utils.JsonValue$ValueType valueOf(java.lang.String)
com.badlogic.gdx.graphics.Texture$TextureFilter: com.badlogic.gdx.graphics.Texture$TextureFilter valueOf(java.lang.String)
com.badlogic.gdx.graphics.g2d.freetype.FreeType$Face: int getKerning(long,int,int,int)
com.badlogic.gdx.scenes.scene2d.utils.FocusListener$FocusEvent$Type: com.badlogic.gdx.scenes.scene2d.utils.FocusListener$FocusEvent$Type[] values()
com.badlogic.gdx.graphics.Pixmap$Blending: com.badlogic.gdx.graphics.Pixmap$Blending valueOf(java.lang.String)
com.badlogic.gdx.scenes.scene2d.Touchable: com.badlogic.gdx.scenes.scene2d.Touchable[] values()
com.badlogic.gdx.graphics.g2d.freetype.FreeType$Bitmap: int getRows(long)
com.badlogic.gdx.Files$FileType: com.badlogic.gdx.Files$FileType[] values()
com.badlogic.gdx.scenes.scene2d.ui.Slider$SliderStyle: Slider$SliderStyle()
com.badlogic.gdx.physics.box2d.PolygonShape: long newPolygonShape()
kotlin.coroutines.AbstractCoroutineContextElement: kotlin.coroutines.CoroutineContext plus(kotlin.coroutines.CoroutineContext)
kotlinx.coroutines.android.AndroidDispatcherFactory: AndroidDispatcherFactory()
com.badlogic.gdx.graphics.g2d.Sprite: Sprite()
com.badlogic.gdx.graphics.glutils.ETC1: void decodeImage(java.nio.ByteBuffer,int,java.nio.ByteBuffer,int,int,int,int)
com.badlogic.gdx.scenes.scene2d.ui.Tree$TreeStyle: Tree$TreeStyle()
com.badlogic.gdx.physics.box2d.World: void beginContact(long)
com.badlogic.gdx.scenes.scene2d.InputEvent: InputEvent()
com.badlogic.gdx.utils.ObjectMap$Entry: ObjectMap$Entry()
com.badlogic.gdx.physics.box2d.World: float reportRayFixture(long,float,float,float,float,float)
com.badlogic.gdx.scenes.scene2d.utils.FocusListener$FocusEvent: FocusListener$FocusEvent()
com.badlogic.gdx.scenes.scene2d.ui.TextField$TextFieldStyle: TextField$TextFieldStyle()
com.badlogic.gdx.physics.box2d.World: long newWorld(float,float,boolean)
com.badlogic.gdx.scenes.scene2d.ui.Table$Debug: com.badlogic.gdx.scenes.scene2d.ui.Table$Debug[] values()
com.badlogic.gdx.utils.FloatArray: FloatArray()
com.badlogic.gdx.graphics.g2d.freetype.FreeType: long initFreeTypeJni()
com.badlogic.gdx.utils.Timer$Task: Timer$Task()
com.badlogic.gdx.scenes.scene2d.ui.Table$Debug: com.badlogic.gdx.scenes.scene2d.ui.Table$Debug valueOf(java.lang.String)
com.badlogic.gdx.utils.ArrayMap: ArrayMap()
kotlinx.coroutines.YieldContext: YieldContext()
com.badlogic.gdx.Input$OnscreenKeyboardType: com.badlogic.gdx.Input$OnscreenKeyboardType[] values()
com.badlogic.gdx.backends.android.DefaultAndroidInput$TouchEvent: DefaultAndroidInput$TouchEvent()
androidx.versionedparcelable.CustomVersionedParcelable: CustomVersionedParcelable()
com.badlogic.gdx.utils.LongMap: LongMap()
com.badlogic.gdx.maps.tiled.TiledMapTile$BlendMode: com.badlogic.gdx.maps.tiled.TiledMapTile$BlendMode valueOf(java.lang.String)
com.badlogic.gdx.physics.box2d.World: long jniCreateBody(long,int,float,float,float,float,float,float,float,float,boolean,boolean,boolean,boolean,boolean,float)
com.badlogic.gdx.graphics.g2d.freetype.FreeType$Face: boolean loadChar(long,int,int)
android.support.v4.app.RemoteActionCompatParcelizer: RemoteActionCompatParcelizer()
kotlin.UninitializedPropertyAccessException: UninitializedPropertyAccessException()
com.badlogic.gdx.graphics.g2d.freetype.FreeType$GlyphSlot: int getFormat(long)
kotlin.coroutines.AbstractCoroutineContextElement: kotlin.coroutines.CoroutineContext$Element get(kotlin.coroutines.CoroutineContext$Key)
com.badlogic.gdx.scenes.scene2d.ui.SelectBox$SelectBoxStyle: SelectBox$SelectBoxStyle()
com.badlogic.gdx.scenes.scene2d.actions.RemoveActorAction: RemoveActorAction()
com.badlogic.gdx.graphics.g2d.freetype.FreeType$Stroker: void set(long,int,int,int,int)
androidx.core.graphics.drawable.IconCompat$Api28Impl: android.net.Uri getUri(java.lang.Object)
com.badlogic.gdx.graphics.g2d.BitmapFont$Glyph: BitmapFont$Glyph()