android/build/outputs/mapping/release/mapping.txt
# compiler: R8
# compiler_version: 3.3.83
# min_api: 16
# common_typos_disable
# {"id":"com.android.tools.r8.mapping","version":"2.0"}
# pg_map_id: 09f79ac
# pg_map_hash: SHA-256 09f79ac8f5897bb47b5e65147c8c0a632bc63ee69b692d7f091e3d1401c01366
com.insearchoftheperfectcuisine.game.Main -> g0.a:
    float unitScale -> b
    void pause() -> a
    void dispose() -> b
    void resume() -> c
    void resize(int,int) -> d
    void create() -> e
    void render() -> f
com.insearchoftheperfectcuisine.game.entities.Entity -> h0.a:
    com.badlogic.gdx.math.Vector2 position -> d
    com.badlogic.gdx.physics.box2d.Body body -> b
    com.badlogic.gdx.physics.box2d.World world -> c
    com.badlogic.gdx.graphics.Texture texture -> a
    com.badlogic.gdx.math.Vector2 size -> e
    void render(com.badlogic.gdx.graphics.g2d.SpriteBatch) -> a
    void update() -> b
com.insearchoftheperfectcuisine.game.entities.Player -> h0.b:
    java.lang.String playerName -> f
    float moveSpeed -> h
    int playerId -> g
    void render(com.badlogic.gdx.graphics.g2d.SpriteBatch) -> a
    void update() -> b
    void handleInput() -> c
com.insearchoftheperfectcuisine.game.screens.BaseScreen -> i0.a:
    com.badlogic.gdx.Game game -> a
com.insearchoftheperfectcuisine.game.screens.PlayGameScreen -> i0.b:
    com.badlogic.gdx.physics.box2d.World world -> h
    float unitScale -> j
    com.badlogic.gdx.utils.viewport.Viewport viewport -> d
    com.insearchoftheperfectcuisine.game.entities.Player player -> g
    com.badlogic.gdx.graphics.Texture playerTexture -> i
    com.badlogic.gdx.graphics.OrthographicCamera camera -> c
    com.insearchoftheperfectcuisine.game.Main main -> f
    com.insearchoftheperfectcuisine.game.systems.MapR mapR -> b
    com.badlogic.gdx.graphics.g2d.SpriteBatch batch -> e
    void pause() -> a
    void show() -> b
    void resume() -> c
    void resize(int,int) -> d
    void render(float) -> e
    void hide() -> f
    void draw() -> g
    void update() -> h
com.insearchoftheperfectcuisine.game.screens.mainMenu.MainMenuScreen -> j0.a:
    com.badlogic.gdx.Game game -> b
    com.insearchoftheperfectcuisine.game.Main main -> g
    com.insearchoftheperfectcuisine.game.systems.GameSettings gameSettings -> c
    float unitScale -> h
    com.badlogic.gdx.scenes.scene2d.Stage stage -> d
    com.badlogic.gdx.scenes.scene2d.ui.Skin skin -> e
    com.badlogic.gdx.utils.viewport.Viewport stageViewport -> i
    com.badlogic.gdx.utils.viewport.Viewport batchViewport -> j
    com.badlogic.gdx.graphics.g2d.Sprite backgroundSprite -> n
    com.badlogic.gdx.graphics.OrthographicCamera camera -> k
    com.badlogic.gdx.graphics.g2d.SpriteBatch batch -> l
    com.badlogic.gdx.scenes.scene2d.ui.Label titleLabel -> f
    com.badlogic.gdx.audio.Sound hoverSound -> p
    com.badlogic.gdx.scenes.scene2d.ui.Table mainMenuTable -> o
    com.badlogic.gdx.graphics.Texture backgroundTexture -> m
    void pause() -> a
    void show() -> b
    void resume() -> c
    void resize(int,int) -> d
    void render(float) -> e
    void hide() -> f
    com.badlogic.gdx.Game access$000(com.insearchoftheperfectcuisine.game.screens.mainMenu.MainMenuScreen) -> g
    com.badlogic.gdx.scenes.scene2d.Stage access$100(com.insearchoftheperfectcuisine.game.screens.mainMenu.MainMenuScreen) -> h
    void draw() -> i
    void update() -> j
com.insearchoftheperfectcuisine.game.screens.mainMenu.MainMenuScreen$1 -> j0.a$a:
    com.insearchoftheperfectcuisine.game.screens.mainMenu.MainMenuScreen this$0 -> b
    void enter(com.badlogic.gdx.scenes.scene2d.InputEvent,float,float,int,com.badlogic.gdx.scenes.scene2d.Actor) -> b
    void exit(com.badlogic.gdx.scenes.scene2d.InputEvent,float,float,int,com.badlogic.gdx.scenes.scene2d.Actor) -> c
com.insearchoftheperfectcuisine.game.screens.mainMenu.MainMenuScreen$2 -> j0.a$b:
    com.insearchoftheperfectcuisine.game.screens.mainMenu.MainMenuScreen this$0 -> p
    void clicked(com.badlogic.gdx.scenes.scene2d.InputEvent,float,float) -> l
com.insearchoftheperfectcuisine.game.screens.mainMenu.MainMenuScreen$3 -> j0.a$c:
    com.insearchoftheperfectcuisine.game.screens.mainMenu.MainMenuScreen this$0 -> p
    void clicked(com.badlogic.gdx.scenes.scene2d.InputEvent,float,float) -> l
...
com.badlogic.gdx.math.Interpolation$6 -> v.d$k:
    float apply(float) -> a
com.badlogic.gdx.math.Interpolation$7 -> v.d$l:
    float apply(float) -> a
com.badlogic.gdx.math.Interpolation$8 -> v.d$m:
    float apply(float) -> a
com.badlogic.gdx.math.Interpolation$9 -> v.d$n:
    float apply(float) -> a
com.badlogic.gdx.math.Interpolation$Bounce -> v.d$o:
    float apply(float) -> a
    float out(float) -> b
com.badlogic.gdx.math.Interpolation$BounceIn -> v.d$p:
    float apply(float) -> a
com.badlogic.gdx.math.Interpolation$BounceOut -> v.d$q:
    float[] widths -> S
    float[] heights -> T
    float apply(float) -> a
com.badlogic.gdx.math.Interpolation$Elastic -> v.d$r:
    float bounces -> V
    float scale -> U
    float power -> T
    float value -> S
    float apply(float) -> a
com.badlogic.gdx.math.Interpolation$ElasticIn -> v.d$s:
    float apply(float) -> a
com.badlogic.gdx.math.Interpolation$ElasticOut -> v.d$t:
    float apply(float) -> a
com.badlogic.gdx.math.Interpolation$Exp -> v.d$u:
    float scale -> V
    float min -> U
    float power -> T
    float value -> S
    float apply(float) -> a
com.badlogic.gdx.math.Interpolation$ExpIn -> v.d$v:
    float apply(float) -> a
com.badlogic.gdx.math.Interpolation$ExpOut -> v.d$w:
    float apply(float) -> a
com.badlogic.gdx.math.Interpolation$Pow -> v.d$x:
    int power -> S
    float apply(float) -> a
com.badlogic.gdx.math.Interpolation$PowIn -> v.d$y:
    float apply(float) -> a
com.badlogic.gdx.math.Interpolation$PowOut -> v.d$z:
    float apply(float) -> a
com.badlogic.gdx.math.Interpolation$Swing -> v.d$a0:
    float scale -> S
    float apply(float) -> a
com.badlogic.gdx.math.Interpolation$SwingIn -> v.d$b0:
    float scale -> S
    float apply(float) -> a
com.badlogic.gdx.math.Interpolation$SwingOut -> v.d$c0:
    float scale -> S
    float apply(float) -> a
com.badlogic.gdx.math.MathUtils -> v.e:
    java.util.Random random -> a
    float clamp(float,float,float) -> a
    int clamp(int,int,int) -> b
    float cos(float) -> c
    float cosDeg(float) -> d
    boolean isEqual(float,float,float) -> e
    boolean isPowerOfTwo(int) -> f
    int nextPowerOfTwo(int) -> g
    int roundPositive(float) -> h
    float sin(float) -> i
    float sinDeg(float) -> j
com.badlogic.gdx.math.MathUtils$Sin -> v.e$a:
    float[] table -> a
com.badlogic.gdx.math.Matrix4 -> com.badlogic.gdx.math.Matrix4:
    com.badlogic.gdx.math.Quaternion quat2 -> f
    com.badlogic.gdx.math.Quaternion quat -> e
    com.badlogic.gdx.math.Vector3 tmpUp -> n
    com.badlogic.gdx.math.Matrix4 tmpMat -> k
    com.badlogic.gdx.math.Vector3 right -> l
    com.badlogic.gdx.math.Vector3 tmpForward -> m
    com.badlogic.gdx.math.Vector3 tmpVec -> j
    float[] val -> d
    com.badlogic.gdx.math.Vector3 l_vex -> h
    com.badlogic.gdx.math.Vector3 l_vey -> i
    com.badlogic.gdx.math.Vector3 l_vez -> g
    float det(float[]) -> a
    com.badlogic.gdx.math.Matrix4 idt() -> b
    boolean inv(float[]) -> c
    com.badlogic.gdx.math.Matrix4 mul(com.badlogic.gdx.math.Matrix4) -> d
    void mul(float[],float[]) -> e
    com.badlogic.gdx.math.Matrix4 set(com.badlogic.gdx.math.Matrix4) -> f
    com.badlogic.gdx.math.Matrix4 set(com.badlogic.gdx.math.Affine2) -> g
    com.badlogic.gdx.math.Matrix4 set(float[]) -> h
    com.badlogic.gdx.math.Matrix4 setToLookAt(com.badlogic.gdx.math.Vector3,com.badlogic.gdx.math.Vector3) -> i
    com.badlogic.gdx.math.Matrix4 setToLookAt(com.badlogic.gdx.math.Vector3,com.badlogic.gdx.math.Vector3,com.badlogic.gdx.math.Vector3) -> j
    com.badlogic.gdx.math.Matrix4 setToOrtho(float,float,float,float,float,float) -> k
    com.badlogic.gdx.math.Matrix4 setToOrtho2D(float,float,float,float) -> l
    com.badlogic.gdx.math.Matrix4 setToTranslation(float,float,float) -> m
com.badlogic.gdx.math.Plane -> v.f:
    com.badlogic.gdx.math.Vector3 normal -> d
    float d -> e
    void set(com.badlogic.gdx.math.Vector3,com.badlogic.gdx.math.Vector3,com.badlogic.gdx.math.Vector3) -> a