android/build/outputs/mapping/release/usage.txt
com.insearchoftheperfectcuisine.game.BuildConfig
com.insearchoftheperfectcuisine.game.R$anim
com.insearchoftheperfectcuisine.game.R$animator
com.insearchoftheperfectcuisine.game.R$attr
com.insearchoftheperfectcuisine.game.R$color
com.insearchoftheperfectcuisine.game.R$dimen
com.insearchoftheperfectcuisine.game.R$drawable
com.insearchoftheperfectcuisine.game.R$id
com.insearchoftheperfectcuisine.game.R$integer
com.insearchoftheperfectcuisine.game.R$layout
com.insearchoftheperfectcuisine.game.R$string
com.insearchoftheperfectcuisine.game.R$style
com.insearchoftheperfectcuisine.game.R$styleable
com.insearchoftheperfectcuisine.game.R
com.insearchoftheperfectcuisine.game.entities.Entity:
    public com.badlogic.gdx.physics.box2d.Body getBody()
    public com.badlogic.gdx.math.Vector2 getPosition()
    public com.badlogic.gdx.math.Vector2 getSize()
com.insearchoftheperfectcuisine.game.entities.Player:
    public int getPlayerId()
    public java.lang.String getPlayerName()
com.insearchoftheperfectcuisine.game.screens.BaseScreen:
    public abstract void draw()
    public abstract void update()
com.insearchoftheperfectcuisine.game.screens.CreatePlayerScreen
com.insearchoftheperfectcuisine.game.screens.PlayGameScreen:
    public void dispose()
com.insearchoftheperfectcuisine.game.screens.mainMenu.MainMenuScreen:
    public void dispose()
com.insearchoftheperfectcuisine.game.screens.mainMenu.SettingsScreen$10
com.insearchoftheperfectcuisine.game.screens.mainMenu.SettingsScreen$11
com.insearchoftheperfectcuisine.game.screens.mainMenu.SettingsScreen$1
com.insearchoftheperfectcuisine.game.screens.mainMenu.SettingsScreen$2
com.insearchoftheperfectcuisine.game.screens.mainMenu.SettingsScreen$3
com.insearchoftheperfectcuisine.game.screens.mainMenu.SettingsScreen$4
com.insearchoftheperfectcuisine.game.screens.mainMenu.SettingsScreen$5
com.insearchoftheperfectcuisine.game.screens.mainMenu.SettingsScreen$6
com.insearchoftheperfectcuisine.game.screens.mainMenu.SettingsScreen$7
com.insearchoftheperfectcuisine.game.screens.mainMenu.SettingsScreen$8$1
com.insearchoftheperfectcuisine.game.screens.mainMenu.SettingsScreen$8
com.insearchoftheperfectcuisine.game.screens.mainMenu.SettingsScreen$9
com.insearchoftheperfectcuisine.game.screens.mainMenu.SettingsScreen
com.insearchoftheperfectcuisine.game.screens.mainMenu.newSettingsScreen:
    com.badlogic.gdx.scenes.scene2d.ui.ScrollPane controlScrollPane
    com.badlogic.gdx.scenes.scene2d.ui.ScrollPane graphicsScrollPane
    com.badlogic.gdx.scenes.scene2d.ui.ScrollPane soundScrollPane
    public void dispose()
com.insearchoftheperfectcuisine.game.systems.GameSettings:
    private static final java.lang.String FPS_KEY
    private static final java.lang.String FULLSCREEN_KEY
    private static final java.lang.String GENERALVOLUME_KEY
    private static final java.lang.String LANGUAGE_KEY
    private static final java.lang.String MUSICVOLUME_KEY
    private static final java.lang.String PREFS_NAME
    private static final java.lang.String RESOLUTION_HEIGHT_KEY
    private static final java.lang.String RESOLUTION_WIDTH_KEY
    private static final java.lang.String SOUNDEFFECTSVOLUME_KEY
    private static final java.lang.String VSYNC_KEY
    private float generalVolume
    private float musicVolume
    private float seVolume
    public int getScreenHeight()
    public int getScreenWidth()
com.insearchoftheperfectcuisine.game.systems.MapR:
    public void dispose()
com.insearchoftheperfectcuisine.game.utils.sounds
...
androidx.arch.core.internal.SafeIterableMap$IteratorWithAdditions
androidx.arch.core.internal.SafeIterableMap$ListIterator
androidx.arch.core.internal.SafeIterableMap$SupportRemove
androidx.arch.core.internal.SafeIterableMap
androidx.arch.core.util.Function
androidx.collection.ArrayMap:
    public void <init>(int)
    public void <init>(androidx.collection.SimpleArrayMap)
    public boolean containsAll(java.util.Collection)
    public boolean removeAll(java.util.Collection)
    public boolean retainAll(java.util.Collection)
androidx.collection.ArraySet$1
androidx.collection.ArraySet
androidx.collection.CircularArray
androidx.collection.CircularIntArray
androidx.collection.ContainerHelpers:
    private void <init>()
    static int binarySearch(long[],int,long)
    public static int idealByteArraySize(int)
    public static int idealIntArraySize(int)
    public static int idealLongArraySize(int)
androidx.collection.LongSparseArray
androidx.collection.LruCache
androidx.collection.SimpleArrayMap:
    private static final int BASE_SIZE
    private static final int CACHE_SIZE
    private static final boolean CONCURRENT_MODIFICATION_EXCEPTIONS
    private static final boolean DEBUG
    private static final java.lang.String TAG
    public void <init>(int)
    public void <init>(androidx.collection.SimpleArrayMap)
    public void putAll(androidx.collection.SimpleArrayMap)
androidx.collection.SparseArrayCompat
androidx.concurrent.futures.AbstractResolvableFuture$1
androidx.concurrent.futures.AbstractResolvableFuture$AtomicHelper
androidx.concurrent.futures.AbstractResolvableFuture$Cancellation
androidx.concurrent.futures.AbstractResolvableFuture$Failure$1
androidx.concurrent.futures.AbstractResolvableFuture$Failure
androidx.concurrent.futures.AbstractResolvableFuture$Listener
androidx.concurrent.futures.AbstractResolvableFuture$SafeAtomicHelper
androidx.concurrent.futures.AbstractResolvableFuture$SetFuture
androidx.concurrent.futures.AbstractResolvableFuture$SynchronizedHelper
androidx.concurrent.futures.AbstractResolvableFuture$Waiter
androidx.concurrent.futures.AbstractResolvableFuture
androidx.concurrent.futures.CallbackToFutureAdapter$Completer
androidx.concurrent.futures.CallbackToFutureAdapter$FutureGarbageCollectedException
androidx.concurrent.futures.CallbackToFutureAdapter$Resolver
androidx.concurrent.futures.CallbackToFutureAdapter$SafeFuture$1
androidx.concurrent.futures.CallbackToFutureAdapter$SafeFuture
androidx.concurrent.futures.CallbackToFutureAdapter
androidx.concurrent.futures.DirectExecutor
androidx.concurrent.futures.ResolvableFuture
androidx.core.R$attr
androidx.core.R$color
androidx.core.R$dimen
androidx.core.R$drawable
androidx.core.R$id
androidx.core.R$integer
androidx.core.R$layout
androidx.core.R$string
androidx.core.R$style
androidx.core.R$styleable
androidx.core.R
androidx.core.accessibilityservice.AccessibilityServiceInfoCompat
androidx.core.animation.AnimatorKt$addListener$1
androidx.core.animation.AnimatorKt$addListener$2
androidx.core.animation.AnimatorKt$addListener$3
androidx.core.animation.AnimatorKt$addListener$4
androidx.core.animation.AnimatorKt$addListener$listener$1
androidx.core.animation.AnimatorKt$addPauseListener$1
androidx.core.animation.AnimatorKt$addPauseListener$2
androidx.core.animation.AnimatorKt$addPauseListener$listener$1
androidx.core.animation.AnimatorKt$doOnCancel$$inlined$addListener$1
androidx.core.animation.AnimatorKt$doOnEnd$$inlined$addListener$1
androidx.core.animation.AnimatorKt$doOnPause$$inlined$addPauseListener$1
androidx.core.animation.AnimatorKt$doOnRepeat$$inlined$addListener$1
androidx.core.animation.AnimatorKt$doOnResume$$inlined$addPauseListener$1
androidx.core.animation.AnimatorKt$doOnStart$$inlined$addListener$1
androidx.core.animation.AnimatorKt
androidx.core.app.ActivityCompat$1
androidx.core.app.ActivityCompat$Api16Impl
androidx.core.app.ActivityCompat$Api21Impl
androidx.core.app.ActivityCompat$Api22Impl
androidx.core.app.ActivityCompat$Api23Impl